<?xml version="1.0" encoding="UTF-8"?>
<!-- Generated by org.testng.reporters.JUnitXMLReporter -->
<testsuite hostname="MacBook-Pro-Aleksey.local" name="Command line test" tests="6" failures="0" timestamp="5 Dec 2016 14:48:31 GMT" time="13.594" errors="0">
  <testcase name="UserLogInTest" time="2.898" classname="bsu.tat.release.LogInTest"/>
  <testcase name="UserLogOutTest" time="1.38" classname="bsu.tat.release.LogOutTest"/>
  <testcase name="HelloWorldTest" time="2.665" classname="bsu.tat.release.MainPageTest"/>
  <testcase name="PostContentTest" time="2.604" classname="bsu.tat.release.MainPageTest"/>
  <testcase name="SiteDescription" time="2.475" classname="bsu.tat.release.MainPageTest"/>
  <testcase name="seleniumTest" time="1.557" classname="bsu.tat.release.MainPageTest"/>
</testsuite> <!-- Command line test -->
